---------- START 10 ----------
num_iters = 10
%WER 61.29 [ 114 / 186, 0 ins, 49 del, 65 sub ] exp/mono/decode_dev/wer_15_0.5
Time Taken = 125 secs
----------- END 10 -----------

---------- START 11 ----------
num_iters = 11
%WER 58.60 [ 109 / 186, 0 ins, 39 del, 70 sub ] exp/mono/decode_dev/wer_11_0.0
Time Taken = 128 secs
----------- END 11 -----------

---------- START 12 ----------
num_iters = 12
%WER 58.06 [ 108 / 186, 0 ins, 40 del, 68 sub ] exp/mono/decode_dev/wer_11_0.0
Time Taken = 129 secs
----------- END 12 -----------

---------- START 13 ----------
num_iters = 13
%WER 58.06 [ 108 / 186, 0 ins, 39 del, 69 sub ] exp/mono/decode_dev/wer_12_0.0
Time Taken = 134 secs
----------- END 13 -----------

---------- START 14 ----------
num_iters = 14
%WER 57.53 [ 107 / 186, 0 ins, 38 del, 69 sub ] exp/mono/decode_dev/wer_12_0.0
Time Taken = 136 secs
----------- END 14 -----------

---------- START 15 ----------
num_iters = 15
%WER 58.06 [ 108 / 186, 3 ins, 32 del, 73 sub ] exp/mono/decode_dev/wer_7_0.5
Time Taken = 189 secs
----------- END 15 -----------

---------- START 16 ----------
num_iters = 16
%WER 58.60 [ 109 / 186, 1 ins, 39 del, 69 sub ] exp/mono/decode_dev/wer_10_1.0
Time Taken = 261 secs
----------- END 16 -----------

---------- START 17 ----------
num_iters = 17
%WER 57.53 [ 107 / 186, 0 ins, 41 del, 66 sub ] exp/mono/decode_dev/wer_11_0.5
Time Taken = 267 secs
----------- END 17 -----------

---------- START 18 ----------
num_iters = 18
%WER 56.99 [ 106 / 186, 0 ins, 39 del, 67 sub ] exp/mono/decode_dev/wer_11_0.5
Time Taken = 268 secs
----------- END 18 -----------

---------- START 19 ----------
num_iters = 19
%WER 57.53 [ 107 / 186, 2 ins, 38 del, 67 sub ] exp/mono/decode_dev/wer_13_0.0
Time Taken = 275 secs
----------- END 19 -----------

---------- START 20 ----------
num_iters = 20
%WER 56.99 [ 106 / 186, 1 ins, 38 del, 67 sub ] exp/mono/decode_dev/wer_13_0.0
Time Taken = 273 secs
----------- END 20 -----------

